$ ./hw4-2.exe 3 input/i31.txt output/i31_4-2_h3.txt encoded/i31_4-2_h3.txt
0.00019 seconds
380 bytes ( 54.286 x 7 )

$ cat output/i31_4-2_h3.txt
hashtable 3 buckets 7 words
bucket 0 (diam 6 -1) (ipsum 5 -1) (lorem 5 -1) (sit 5 -1) (amet 3 -1) 
bucket 1 (dolor 4 -1) (sed 3 -1) 
bucket 2 

count-alphabet-sorted 7 words
(diam 6 0) (ipsum 5 1) (lorem 5 2) (sit 5 3) (dolor 4 4) (amet 3 5) (sed 3 6) 

hashtable 3 buckets 7 words
bucket 0 (diam 6 0) (ipsum 5 1) (lorem 5 2) (sit 5 3) (amet 3 5) 
bucket 1 (dolor 4 4) (sed 3 6) 
bucket 2 

$ cat encoded/i31_4-2_h3.txt
3 2 4 0 0 2 6 4 0 3 5 0 0 2 1 2 1 5 3 2 6 1 3 1 5 4 4 6 3 1 0 

$ ./hw4-2.exe 5 input/i31.txt output/i31_4-2_h5.txt encoded/i31_4-2_h5.txt
0.00021 seconds
412 bytes ( 58.857 x 7 )

$ cat output/i31_4-2_h5.txt
hashtable 5 buckets 7 words
bucket 0 
bucket 1 (diam 6 -1) (sit 5 -1) (sed 3 -1) 
bucket 2 
bucket 3 (ipsum 5 -1) (lorem 5 -1) (amet 3 -1) 
bucket 4 (dolor 4 -1) 

count-alphabet-sorted 7 words
(diam 6 0) (ipsum 5 1) (lorem 5 2) (sit 5 3) (dolor 4 4) (amet 3 5) (sed 3 6) 

hashtable 5 buckets 7 words
bucket 0 
bucket 1 (diam 6 0) (sit 5 3) (sed 3 6) 
bucket 2 
bucket 3 (ipsum 5 1) (lorem 5 2) (amet 3 5) 
bucket 4 (dolor 4 4) 

$ cat encoded/i31_4-2_h5.txt
3 2 4 0 0 2 6 4 0 3 5 0 0 2 1 2 1 5 3 2 6 1 3 1 5 4 4 6 3 1 0 

$ ./hw4-2.exe 7 input/i31.txt output/i31_4-2_h7.txt encoded/i31_4-2_h7.txt
0.00026 seconds
444 bytes ( 63.429 x 7 )

$ cat output/i31_4-2_h7.txt
hashtable 7 buckets 7 words
bucket 0 (sit 5 -1) 
bucket 1 (sed 3 -1) 
bucket 2 
bucket 3 (amet 3 -1) 
bucket 4 (lorem 5 -1) 
bucket 5 (diam 6 -1) (ipsum 5 -1) (dolor 4 -1) 
bucket 6 

count-alphabet-sorted 7 words
(diam 6 0) (ipsum 5 1) (lorem 5 2) (sit 5 3) (dolor 4 4) (amet 3 5) (sed 3 6) 

hashtable 7 buckets 7 words
bucket 0 (sit 5 3) 
bucket 1 (sed 3 6) 
bucket 2 
bucket 3 (amet 3 5) 
bucket 4 (lorem 5 2) 
bucket 5 (diam 6 0) (ipsum 5 1) (dolor 4 4) 
bucket 6 

$ cat encoded/i31_4-2_h7.txt
3 2 4 0 0 2 6 4 0 3 5 0 0 2 1 2 1 5 3 2 6 1 3 1 5 4 4 6 3 1 0 


$ ./hw4-2.exe 11 input/imagine.txt output/imagine_4-2_h11.txt encoded/imagine_4-2_h11.txt
0.00020 seconds
3203 bytes ( 47.806 x 67 )

$ cat output/imagine_4-2_h11.txt
hashtable 11 buckets 67 words
bucket 0 (will 2 -1) (hunger 1 -1) (isn 1 -1) (nothing 1 -1) (sharing 1 -1) 
bucket 1 (no 6 -1) (us 4 -1) (but 2 -1) (it 2 -1) (be 1 -1) 
bucket 2 (the 8 -1) (world 3 -1) (do 1 -1) (greed 1 -1) (sky 1 -1) 
bucket 3 (one 4 -1) (as 2 -1) (join 2 -1) (say 2 -1) (ah 1 -1) (hell 1 -1) (live 1 -1) 
bucket 4 (imagine 6 -1) (heaven 1 -1) (of 1 -1) (peace 1 -1) (possessions 1 -1) 
bucket 5 (all 4 -1) (s 3 -1) (or 2 -1) (easy 1 -1) (need 1 -1) 
bucket 6 (i 7 -1) (someday 2 -1) (in 1 -1) (t 1 -1) (today 1 -1) (wonder 1 -1) 
bucket 7 (people 3 -1) (livin 2 -1) (ll 2 -1) (not 2 -1) (to 2 -1) (brotherhood 1 -1) 
bucket 8 (you 8 -1) (for 3 -1) (may 2 -1) (there 2 -1) (above 1 -1) (hard 1 -1) (man 1 -1) (too 1 -1) 
bucket 9 (a 3 -1) (if 2 -1) (below 1 -1) (can 1 -1) (countries 1 -1) (die 1 -1) (life 1 -1) 
bucket 10 (m 4 -1) (and 3 -1) (only 3 -1) (dreamer 2 -1) (hope 2 -1) (kill 1 -1) (religion 1 -1) (try 1 -1) 

count-alphabet-sorted 67 words
(the 8 0) (you 8 1) (i 7 2) (imagine 6 3) (no 6 4) (all 4 5) (m 4 6) (one 4 7) (us 4 8) (a 3 9) (and 3 10) (for 3 11) (only 3 12) (people 3 13) (s 3 14) (world 3 15) (as 2 16) (but 2 17) (dreamer 2 18) (hope 2 19) (if 2 20) (it 2 21) (join 2 22) (livin 2 23) (ll 2 24) (may 2 25) (not 2 26) (or 2 27) (say 2 28) (someday 2 29) (there 2 30) (to 2 31) (will 2 32) (above 1 33) (ah 1 34) (be 1 35) (below 1 36) (brotherhood 1 37) (can 1 38) (countries 1 39) (die 1 40) (do 1 41) (easy 1 42) (greed 1 43) (hard 1 44) (heaven 1 45) (hell 1 46) (hunger 1 47) (in 1 48) (isn 1 49) (kill 1 50) (life 1 51) (live 1 52) (man 1 53) (need 1 54) (nothing 1 55) (of 1 56) (peace 1 57) (possessions 1 58) (religion 1 59) (sharing 1 60) (sky 1 61) (t 1 62) (today 1 63) (too 1 64) (try 1 65) (wonder 1 66) 

hashtable 11 buckets 67 words
bucket 0 (will 2 32) (hunger 1 47) (isn 1 49) (nothing 1 55) (sharing 1 60) 
bucket 1 (no 6 4) (us 4 8) (but 2 17) (it 2 21) (be 1 35) 
bucket 2 (the 8 0) (world 3 15) (do 1 41) (greed 1 43) (sky 1 61) 
bucket 3 (one 4 7) (as 2 16) (join 2 22) (say 2 28) (ah 1 34) (hell 1 46) (live 1 52) 
bucket 4 (imagine 6 3) (heaven 1 45) (of 1 56) (peace 1 57) (possessions 1 58) 
bucket 5 (all 4 5) (s 3 14) (or 2 27) (easy 1 42) (need 1 54) 
bucket 6 (i 7 2) (someday 2 29) (in 1 48) (t 1 62) (today 1 63) (wonder 1 66) 
bucket 7 (people 3 13) (livin 2 23) (ll 2 24) (not 2 26) (to 2 31) (brotherhood 1 37) 
bucket 8 (you 8 1) (for 3 11) (may 2 25) (there 2 30) (above 1 33) (hard 1 44) (man 1 53) (too 1 64) 
bucket 9 (a 3 9) (if 2 20) (below 1 36) (can 1 38) (countries 1 39) (die 1 40) (life 1 51) 
bucket 10 (m 4 6) (and 3 10) (only 3 12) (dreamer 2 18) (hope 2 19) (kill 1 50) (religion 1 59) (try 1 65) 

$ cat encoded/imagine_4-2_h11.txt
3 30 14 4 45 21 14 42 20 1 65 4 46 36 8 33 8 12 61 3 5 0 13 23 11 63 34 3 30 14 4 39 21 49 62 44 31 41 55 31 50 27 40 11 10 4 59 64 3 5 0 13 23 51 48 57 1 1 25 28 2 6 9 18 17 2 6 26 0 12 7 2 19 29 1 24 22 8 10 0 15 32 35 16 7 3 4 58 2 66 20 1 38 4 54 11 43 27 47 9 37 56 53 3 5 0 13 60 5 0 15 1 1 25 28 2 6 9 18 17 2 6 26 0 12 7 2 19 29 1 24 22 8 10 0 15 32 52 16 7 

$ ./hw4-2.exe 17 input/imagine.txt output/imagine_4-2_h17.txt encoded/imagine_4-2_h17.txt
0.00019 seconds
3299 bytes ( 49.239 x 67 )

$ cat output/imagine_4-2_h17.txt
hashtable 17 buckets 67 words
bucket 0 (no 6 -1) (it 2 -1) (can 1 -1) (die 1 -1) (peace 1 -1) (sharing 1 -1) 
bucket 1 (and 3 -1) (possessions 1 -1) (today 1 -1) 
bucket 2 (livin 2 -1) (countries 1 -1) (heaven 1 -1) 
bucket 3 (i 7 -1) (hope 2 -1) (if 2 -1) (hunger 1 -1) (kill 1 -1) (sky 1 -1) 
bucket 4 (for 3 -1) (may 2 -1) (or 2 -1) (need 1 -1) 
bucket 5 (dreamer 2 -1) 
bucket 6 (someday 2 -1) (to 2 -1) 
bucket 7 (all 4 -1) (m 4 -1) (join 2 -1) (do 1 -1) (hard 1 -1) (isn 1 -1) (live 1 -1) (religion 1 -1) 
bucket 8 (only 3 -1) (world 3 -1) (as 2 -1) (but 2 -1) (life 1 -1) 
bucket 9 (you 8 -1) (there 2 -1) (easy 1 -1) (greed 1 -1) (of 1 -1) (wonder 1 -1) 
bucket 10 (say 2 -1) (below 1 -1) (man 1 -1) 
bucket 11 (us 4 -1) (brotherhood 1 -1) (in 1 -1) (nothing 1 -1) (try 1 -1) 
bucket 12 (a 3 -1) (ll 2 -1) (be 1 -1) 
bucket 13 (s 3 -1) (hell 1 -1) 
bucket 14 (not 2 -1) (ah 1 -1) (t 1 -1) 
bucket 15 (the 8 -1) (will 2 -1) (above 1 -1) (too 1 -1) 
bucket 16 (imagine 6 -1) (one 4 -1) (people 3 -1) 

count-alphabet-sorted 67 words
(the 8 0) (you 8 1) (i 7 2) (imagine 6 3) (no 6 4) (all 4 5) (m 4 6) (one 4 7) (us 4 8) (a 3 9) (and 3 10) (for 3 11) (only 3 12) (people 3 13) (s 3 14) (world 3 15) (as 2 16) (but 2 17) (dreamer 2 18) (hope 2 19) (if 2 20) (it 2 21) (join 2 22) (livin 2 23) (ll 2 24) (may 2 25) (not 2 26) (or 2 27) (say 2 28) (someday 2 29) (there 2 30) (to 2 31) (will 2 32) (above 1 33) (ah 1 34) (be 1 35) (below 1 36) (brotherhood 1 37) (can 1 38) (countries 1 39) (die 1 40) (do 1 41) (easy 1 42) (greed 1 43) (hard 1 44) (heaven 1 45) (hell 1 46) (hunger 1 47) (in 1 48) (isn 1 49) (kill 1 50) (life 1 51) (live 1 52) (man 1 53) (need 1 54) (nothing 1 55) (of 1 56) (peace 1 57) (possessions 1 58) (religion 1 59) (sharing 1 60) (sky 1 61) (t 1 62) (today 1 63) (too 1 64) (try 1 65) (wonder 1 66) 

hashtable 17 buckets 67 words
bucket 0 (no 6 4) (it 2 21) (can 1 38) (die 1 40) (peace 1 57) (sharing 1 60) 
bucket 1 (and 3 10) (possessions 1 58) (today 1 63) 
bucket 2 (livin 2 23) (countries 1 39) (heaven 1 45) 
bucket 3 (i 7 2) (hope 2 19) (if 2 20) (hunger 1 47) (kill 1 50) (sky 1 61) 
bucket 4 (for 3 11) (may 2 25) (or 2 27) (need 1 54) 
bucket 5 (dreamer 2 18) 
bucket 6 (someday 2 29) (to 2 31) 
bucket 7 (all 4 5) (m 4 6) (join 2 22) (do 1 41) (hard 1 44) (isn 1 49) (live 1 52) (religion 1 59) 
bucket 8 (only 3 12) (world 3 15) (as 2 16) (but 2 17) (life 1 51) 
bucket 9 (you 8 1) (there 2 30) (easy 1 42) (greed 1 43) (of 1 56) (wonder 1 66) 
bucket 10 (say 2 28) (below 1 36) (man 1 53) 
bucket 11 (us 4 8) (brotherhood 1 37) (in 1 48) (nothing 1 55) (try 1 65) 
bucket 12 (a 3 9) (ll 2 24) (be 1 35) 
bucket 13 (s 3 14) (hell 1 46) 
bucket 14 (not 2 26) (ah 1 34) (t 1 62) 
bucket 15 (the 8 0) (will 2 32) (above 1 33) (too 1 64) 
bucket 16 (imagine 6 3) (one 4 7) (people 3 13) 

$ cat encoded/imagine_4-2_h17.txt
3 30 14 4 45 21 14 42 20 1 65 4 46 36 8 33 8 12 61 3 5 0 13 23 11 63 34 3 30 14 4 39 21 49 62 44 31 41 55 31 50 27 40 11 10 4 59 64 3 5 0 13 23 51 48 57 1 1 25 28 2 6 9 18 17 2 6 26 0 12 7 2 19 29 1 24 22 8 10 0 15 32 35 16 7 3 4 58 2 66 20 1 38 4 54 11 43 27 47 9 37 56 53 3 5 0 13 60 5 0 15 1 1 25 28 2 6 9 18 17 2 6 26 0 12 7 2 19 29 1 24 22 8 10 0 15 32 52 16 7 


$ ./hw4-2.exe 17 input/ipsum.txt output/ipsum_4-2_h17.txt encoded/ipsum_4-2_h17.txt
0.00048 seconds
6023 bytes ( 48.967 x 123 )

$ cat output/ipsum_4-2_h17.txt
hashtable 17 buckets 123 words
bucket 0 (dolor 22 -1) (tempor 10 -1) (aliquyam 9 -1) (elitr 9 -1) (labore 9 -1) (no 9 -1) (enim 2 -1) (ex 2 -1) (laoreet 2 -1) (suscipit 2 -1) (ullamcorper 2 -1) 
bucket 1 (nostrud 2 -1) (copy 1 -1) (id 1 -1) (soluta 1 -1) 
bucket 2 (vero 11 -1) (accusam 9 -1) (commodo 2 -1) (odio 2 -1) (wisi 2 -1) (cum 1 -1) (option 1 -1) 
bucket 3 (diam 19 -1) (erat 11 -1) (illum 3 -1) (blandit 2 -1) (facilisi 2 -1) (iusto 2 -1) (facer 1 -1) 
bucket 4 (eos 9 -1) (justo 9 -1) (sanctus 9 -1) (vel 6 -1) (eum 3 -1) (velit 3 -1) (possim 1 -1) 
bucket 5 (duo 9 -1) (elit 2 -1) (nonummy 2 -1) (articles 1 -1) (nihil 1 -1) 
bucket 6 (magna 11 -1) (stet 9 -1) (http 1 -1) 
bucket 7 (sadipscing 9 -1) (sea 9 -1) (esse 3 -1) 
bucket 8 (augue 2 -1) (consectetuer 2 -1) (luptatum 2 -1) (quis 2 -1) 
bucket 9 (at 11 -1) (est 9 -1) (gubergren 9 -1) (aliquip 2 -1) (nibh 2 -1) (tation 2 -1) (tincidunt 2 -1) (assum 1 -1) (doming 1 -1) (of 1 -1) 
bucket 10 (sed 19 -1) (consequat 5 -1) (feugiat 3 -1) (iriure 3 -1) (accumsan 2 -1) (ad 2 -1) (delenit 2 -1) (euismod 2 -1) (feugait 2 -1) (zzril 2 -1) (courtesy 1 -1) (nam 1 -1) 
bucket 11 (ea 11 -1) (eirmod 9 -1) (kasd 9 -1) (takimata 9 -1) (in 6 -1) (exerci 2 -1) (lobortis 2 -1) (minim 2 -1) (veniam 2 -1) (volutpat 2 -1) (imperdiet 1 -1) (placerat 1 -1) 
bucket 12 (ut 15 -1) (consetetur 9 -1) (dolores 9 -1) (rebum 9 -1) (voluptua 8 -1) (duis 5 -1) (qui 2 -1) (congue 1 -1) (eleifend 1 -1) (nobis 1 -1) 
bucket 13 (et 40 -1) (sit 19 -1) (nulla 5 -1) (autem 3 -1) (hendrerit 3 -1) (com 2 -1) (nisl 2 -1) (te 2 -1) (websitetips 2 -1) 
bucket 14 (ipsum 19 -1) (invidunt 9 -1) (eu 3 -1) (adipiscing 2 -1) 
bucket 15 (amet 19 -1) (clita 9 -1) (nonumy 9 -1) (aliquam 2 -1) (dignissim 2 -1) (mazim 1 -1) 
bucket 16 (lorem 20 -1) (dolore 16 -1) (facilisis 3 -1) (molestie 3 -1) (vulputate 3 -1) (eros 2 -1) (praesent 2 -1) (liber 1 -1) (quod 1 -1) 

count-alphabet-sorted 123 words
(et 40 0) (dolor 22 1) (lorem 20 2) (amet 19 3) (diam 19 4) (ipsum 19 5) (sed 19 6) (sit 19 7) (dolore 16 8) (ut 15 9) (at 11 10) (ea 11 11) (erat 11 12) (magna 11 13) (vero 11 14) (tempor 10 15) (accusam 9 16) (aliquyam 9 17) (clita 9 18) (consetetur 9 19) (dolores 9 20) (duo 9 21) (eirmod 9 22) (elitr 9 23) (eos 9 24) (est 9 25) (gubergren 9 26) (invidunt 9 27) (justo 9 28) (kasd 9 29) (labore 9 30) (no 9 31) (nonumy 9 32) (rebum 9 33) (sadipscing 9 34) (sanctus 9 35) (sea 9 36) (stet 9 37) (takimata 9 38) (voluptua 8 39) (in 6 40) (vel 6 41) (consequat 5 42) (duis 5 43) (nulla 5 44) (autem 3 45) (esse 3 46) (eu 3 47) (eum 3 48) (facilisis 3 49) (feugiat 3 50) (hendrerit 3 51) (illum 3 52) (iriure 3 53) (molestie 3 54) (velit 3 55) (vulputate 3 56) (accumsan 2 57) (ad 2 58) (adipiscing 2 59) (aliquam 2 60) (aliquip 2 61) (augue 2 62) (blandit 2 63) (com 2 64) (commodo 2 65) (consectetuer 2 66) (delenit 2 67) (dignissim 2 68) (elit 2 69) (enim 2 70) (eros 2 71) (euismod 2 72) (ex 2 73) (exerci 2 74) (facilisi 2 75) (feugait 2 76) (iusto 2 77) (laoreet 2 78) (lobortis 2 79) (luptatum 2 80) (minim 2 81) (nibh 2 82) (nisl 2 83) (nonummy 2 84) (nostrud 2 85) (odio 2 86) (praesent 2 87) (qui 2 88) (quis 2 89) (suscipit 2 90) (tation 2 91) (te 2 92) (tincidunt 2 93) (ullamcorper 2 94) (veniam 2 95) (volutpat 2 96) (websitetips 2 97) (wisi 2 98) (zzril 2 99) (articles 1 100) (assum 1 101) (congue 1 102) (copy 1 103) (courtesy 1 104) (cum 1 105) (doming 1 106) (eleifend 1 107) (facer 1 108) (http 1 109) (id 1 110) (imperdiet 1 111) (liber 1 112) (mazim 1 113) (nam 1 114) (nihil 1 115) (nobis 1 116) (of 1 117) (option 1 118) (placerat 1 119) (possim 1 120) (quod 1 121) (soluta 1 122) 

hashtable 17 buckets 123 words
bucket 0 (dolor 22 1) (tempor 10 15) (aliquyam 9 17) (elitr 9 23) (labore 9 30) (no 9 31) (enim 2 70) (ex 2 73) (laoreet 2 78) (suscipit 2 90) (ullamcorper 2 94) 
bucket 1 (nostrud 2 85) (copy 1 103) (id 1 110) (soluta 1 122) 
bucket 2 (vero 11 14) (accusam 9 16) (commodo 2 65) (odio 2 86) (wisi 2 98) (cum 1 105) (option 1 118) 
bucket 3 (diam 19 4) (erat 11 12) (illum 3 52) (blandit 2 63) (facilisi 2 75) (iusto 2 77) (facer 1 108) 
bucket 4 (eos 9 24) (justo 9 28) (sanctus 9 35) (vel 6 41) (eum 3 48) (velit 3 55) (possim 1 120) 
bucket 5 (duo 9 21) (elit 2 69) (nonummy 2 84) (articles 1 100) (nihil 1 115) 
bucket 6 (magna 11 13) (stet 9 37) (http 1 109) 
bucket 7 (sadipscing 9 34) (sea 9 36) (esse 3 46) 
bucket 8 (augue 2 62) (consectetuer 2 66) (luptatum 2 80) (quis 2 89) 
bucket 9 (at 11 10) (est 9 25) (gubergren 9 26) (aliquip 2 61) (nibh 2 82) (tation 2 91) (tincidunt 2 93) (assum 1 101) (doming 1 106) (of 1 117) 
bucket 10 (sed 19 6) (consequat 5 42) (feugiat 3 50) (iriure 3 53) (accumsan 2 57) (ad 2 58) (delenit 2 67) (euismod 2 72) (feugait 2 76) (zzril 2 99) (courtesy 1 104) (nam 1 114) 
bucket 11 (ea 11 11) (eirmod 9 22) (kasd 9 29) (takimata 9 38) (in 6 40) (exerci 2 74) (lobortis 2 79) (minim 2 81) (veniam 2 95) (volutpat 2 96) (imperdiet 1 111) (placerat 1 119) 
bucket 12 (ut 15 9) (consetetur 9 19) (dolores 9 20) (rebum 9 33) (voluptua 8 39) (duis 5 43) (qui 2 88) (congue 1 102) (eleifend 1 107) (nobis 1 116) 
bucket 13 (et 40 0) (sit 19 7) (nulla 5 44) (autem 3 45) (hendrerit 3 51) (com 2 64) (nisl 2 83) (te 2 92) (websitetips 2 97) 
bucket 14 (ipsum 19 5) (invidunt 9 27) (eu 3 47) (adipiscing 2 59) 
bucket 15 (amet 19 3) (clita 9 18) (nonumy 9 32) (aliquam 2 60) (dignissim 2 68) (mazim 1 113) 
bucket 16 (lorem 20 2) (dolore 16 8) (facilisis 3 49) (molestie 3 54) (vulputate 3 56) (eros 2 71) (praesent 2 87) (liber 1 112) (quod 1 121) 

$ cat encoded/ipsum_4-2_h17.txt
2 5 1 7 3 19 34 23 6 4 32 22 15 27 9 30 0 8 13 17 12 6 4 39 10 14 24 0 16 0 28 21 20 0 11 33 37 18 29 26 31 36 38 35 25 2 5 1 7 3 2 5 1 7 3 19 34 23 6 4 32 22 15 27 9 30 0 8 13 17 12 6 4 39 10 14 24 0 16 0 28 21 20 0 11 33 37 18 29 26 31 36 38 35 25 2 5 1 7 3 2 5 1 7 3 19 34 23 6 4 32 22 15 27 9 30 0 8 13 17 12 6 4 39 10 14 24 0 16 0 28 21 20 0 11 33 37 18 29 26 31 36 38 35 25 2 5 1 7 3 43 45 41 48 53 1 40 51 40 56 55 46 54 42 41 52 8 47 50 44 49 10 14 71 0 57 0 77 86 68 88 63 87 80 99 67 62 43 8 92 76 44 75 2 5 1 7 3 66 59 69 6 4 84 82 72 93 9 78 8 13 60 12 96 9 98 70 58 81 95 89 85 74 91 94 90 79 83 9 61 73 11 65 42 43 45 41 48 53 1 40 51 40 56 55 46 54 42 41 52 8 47 50 44 49 10 14 71 0 57 0 77 86 68 88 63 87 80 99 67 62 43 8 92 76 44 75 114 112 15 105 122 116 107 118 102 115 111 106 110 121 113 119 108 120 101 2 5 1 7 3 66 59 69 6 4 84 82 72 93 9 78 8 13 60 12 96 9 98 70 58 81 95 89 85 74 91 94 90 79 83 9 61 73 11 65 42 43 45 41 48 53 1 40 51 40 56 55 46 54 42 41 52 8 47 50 44 49 10 14 24 0 16 0 28 21 20 0 11 33 37 18 29 26 31 36 38 35 25 2 5 1 7 3 2 5 1 7 3 19 34 23 6 4 32 22 15 27 9 30 0 8 13 17 12 6 4 39 10 14 24 0 16 0 28 21 20 0 11 33 37 18 29 26 31 36 38 35 25 2 5 1 7 3 2 5 1 7 3 19 34 23 10 16 17 4 4 8 20 21 22 24 12 0 32 6 15 0 0 27 28 30 37 18 11 0 26 29 13 31 33 35 36 6 38 9 14 39 25 2 5 1 7 3 2 5 1 7 3 19 34 23 6 4 32 22 15 27 9 30 0 8 13 17 12 19 34 23 6 4 32 22 15 27 9 30 0 8 13 17 12 6 4 39 10 14 24 0 16 0 28 21 20 0 11 33 37 18 29 26 31 36 38 35 25 2 5 1 7 3 2 5 1 7 3 19 34 23 6 4 32 22 15 27 9 30 0 8 13 17 12 6 4 39 10 14 24 0 16 0 28 21 20 0 11 33 37 18 29 26 31 36 38 35 25 2 5 1 7 3 2 5 1 7 3 19 34 23 6 4 32 22 15 27 9 30 0 8 13 17 12 6 4 39 10 14 24 0 16 0 28 21 20 0 11 33 37 18 29 26 31 36 38 35 25 2 5 1 7 3 104 117 97 64 109 97 64 100 103 2 

$ ./hw4-2.exe 53 input/ipsum.txt output/ipsum_4-2_h53.txt encoded/ipsum_4-2_h53.txt
0.00040 seconds
6599 bytes ( 53.650 x 123 )

$ cat output/ipsum_4-2_h53.txt
hashtable 53 buckets 123 words
bucket 0 
bucket 1 (at 11 -1) (sadipscing 9 -1) (com 2 -1) (enim 2 -1) (of 1 -1) 
bucket 2 (doming 1 -1) (nihil 1 -1) 
bucket 3 (in 6 -1) (odio 2 -1) 
bucket 4 (erat 11 -1) (eirmod 9 -1) (aliquam 2 -1) (exerci 2 -1) (veniam 2 -1) 
bucket 5 (et 40 -1) (augue 2 -1) (te 2 -1) (congue 1 -1) 
bucket 6 (eu 3 -1) (elit 2 -1) (laoreet 2 -1) 
bucket 7 (gubergren 9 -1) (articles 1 -1) (cum 1 -1) 
bucket 8 (esse 3 -1) (commodo 2 -1) (minim 2 -1) 
bucket 9 (dolore 16 -1) (eos 9 -1) (no 9 -1) (rebum 9 -1) (vel 6 -1) (eum 3 -1) (ex 2 -1) (imperdiet 1 -1) (nobis 1 -1) 
bucket 10 (duo 9 -1) (nulla 5 -1) (autem 3 -1) 
bucket 11 (hendrerit 3 -1) 
bucket 12 (mazim 1 -1) 
bucket 13 (lorem 20 -1) (duis 5 -1) (dignissim 2 -1) 
bucket 14 (dolor 22 -1) (elitr 9 -1) (est 9 -1) (nisl 2 -1) 
bucket 15 (aliquip 2 -1) 
bucket 16 (euismod 2 -1) 
bucket 17 (illum 3 -1) (eros 2 -1) (qui 2 -1) (quod 1 -1) 
bucket 18 (sit 19 -1) (dolores 9 -1) (molestie 3 -1) (velit 3 -1) (praesent 2 -1) 
bucket 19 (aliquyam 9 -1) (tation 2 -1) (copy 1 -1) 
bucket 20 (vero 11 -1) (iriure 3 -1) (wisi 2 -1) 
bucket 21 (ut 15 -1) 
bucket 22 
bucket 23 (assum 1 -1) 
bucket 24 (stet 9 -1) (tincidunt 2 -1) (ullamcorper 2 -1) (http 1 -1) 
bucket 25 (consequat 5 -1) 
bucket 26 (quis 2 -1) 
bucket 27 (tempor 10 -1) (sanctus 9 -1) 
bucket 28 (ipsum 19 -1) (consectetuer 2 -1) (soluta 1 -1) 
bucket 29 (option 1 -1) 
bucket 30 (lobortis 2 -1) 
bucket 31 (possim 1 -1) 
bucket 32 
bucket 33 (invidunt 9 -1) (eleifend 1 -1) 
bucket 34 (iusto 2 -1) 
bucket 35 (justo 9 -1) 
bucket 36 (suscipit 2 -1) (facer 1 -1) 
bucket 37 (websitetips 2 -1) 
bucket 38 (ad 2 -1) 
bucket 39 (ea 11 -1) (magna 11 -1) 
bucket 40 (diam 19 -1) (consetetur 9 -1) 
bucket 41 (facilisi 2 -1) (nostrud 2 -1) (zzril 2 -1) 
bucket 42 (nonumy 9 -1) 
bucket 43 
bucket 44 (accusam 9 -1) (adipiscing 2 -1) (luptatum 2 -1) 
bucket 45 (blandit 2 -1) (nonummy 2 -1) 
bucket 46 (labore 9 -1) (nibh 2 -1) (courtesy 1 -1) (id 1 -1) 
bucket 47 (volutpat 2 -1) 
bucket 48 (clita 9 -1) (kasd 9 -1) (sea 9 -1) (voluptua 8 -1) (vulputate 3 -1) (accumsan 2 -1) 
bucket 49 (takimata 9 -1) (liber 1 -1) (placerat 1 -1) 
bucket 50 (facilisis 3 -1) 
bucket 51 (sed 19 -1) (nam 1 -1) 
bucket 52 (amet 19 -1) (feugiat 3 -1) (delenit 2 -1) (feugait 2 -1) 

count-alphabet-sorted 123 words
(et 40 0) (dolor 22 1) (lorem 20 2) (amet 19 3) (diam 19 4) (ipsum 19 5) (sed 19 6) (sit 19 7) (dolore 16 8) (ut 15 9) (at 11 10) (ea 11 11) (erat 11 12) (magna 11 13) (vero 11 14) (tempor 10 15) (accusam 9 16) (aliquyam 9 17) (clita 9 18) (consetetur 9 19) (dolores 9 20) (duo 9 21) (eirmod 9 22) (elitr 9 23) (eos 9 24) (est 9 25) (gubergren 9 26) (invidunt 9 27) (justo 9 28) (kasd 9 29) (labore 9 30) (no 9 31) (nonumy 9 32) (rebum 9 33) (sadipscing 9 34) (sanctus 9 35) (sea 9 36) (stet 9 37) (takimata 9 38) (voluptua 8 39) (in 6 40) (vel 6 41) (consequat 5 42) (duis 5 43) (nulla 5 44) (autem 3 45) (esse 3 46) (eu 3 47) (eum 3 48) (facilisis 3 49) (feugiat 3 50) (hendrerit 3 51) (illum 3 52) (iriure 3 53) (molestie 3 54) (velit 3 55) (vulputate 3 56) (accumsan 2 57) (ad 2 58) (adipiscing 2 59) (aliquam 2 60) (aliquip 2 61) (augue 2 62) (blandit 2 63) (com 2 64) (commodo 2 65) (consectetuer 2 66) (delenit 2 67) (dignissim 2 68) (elit 2 69) (enim 2 70) (eros 2 71) (euismod 2 72) (ex 2 73) (exerci 2 74) (facilisi 2 75) (feugait 2 76) (iusto 2 77) (laoreet 2 78) (lobortis 2 79) (luptatum 2 80) (minim 2 81) (nibh 2 82) (nisl 2 83) (nonummy 2 84) (nostrud 2 85) (odio 2 86) (praesent 2 87) (qui 2 88) (quis 2 89) (suscipit 2 90) (tation 2 91) (te 2 92) (tincidunt 2 93) (ullamcorper 2 94) (veniam 2 95) (volutpat 2 96) (websitetips 2 97) (wisi 2 98) (zzril 2 99) (articles 1 100) (assum 1 101) (congue 1 102) (copy 1 103) (courtesy 1 104) (cum 1 105) (doming 1 106) (eleifend 1 107) (facer 1 108) (http 1 109) (id 1 110) (imperdiet 1 111) (liber 1 112) (mazim 1 113) (nam 1 114) (nihil 1 115) (nobis 1 116) (of 1 117) (option 1 118) (placerat 1 119) (possim 1 120) (quod 1 121) (soluta 1 122) 

hashtable 53 buckets 123 words
bucket 0 
bucket 1 (at 11 10) (sadipscing 9 34) (com 2 64) (enim 2 70) (of 1 117) 
bucket 2 (doming 1 106) (nihil 1 115) 
bucket 3 (in 6 40) (odio 2 86) 
bucket 4 (erat 11 12) (eirmod 9 22) (aliquam 2 60) (exerci 2 74) (veniam 2 95) 
bucket 5 (et 40 0) (augue 2 62) (te 2 92) (congue 1 102) 
bucket 6 (eu 3 47) (elit 2 69) (laoreet 2 78) 
bucket 7 (gubergren 9 26) (articles 1 100) (cum 1 105) 
bucket 8 (esse 3 46) (commodo 2 65) (minim 2 81) 
bucket 9 (dolore 16 8) (eos 9 24) (no 9 31) (rebum 9 33) (vel 6 41) (eum 3 48) (ex 2 73) (imperdiet 1 111) (nobis 1 116) 
bucket 10 (duo 9 21) (nulla 5 44) (autem 3 45) 
bucket 11 (hendrerit 3 51) 
bucket 12 (mazim 1 113) 
bucket 13 (lorem 20 2) (duis 5 43) (dignissim 2 68) 
bucket 14 (dolor 22 1) (elitr 9 23) (est 9 25) (nisl 2 83) 
bucket 15 (aliquip 2 61) 
bucket 16 (euismod 2 72) 
bucket 17 (illum 3 52) (eros 2 71) (qui 2 88) (quod 1 121) 
bucket 18 (sit 19 7) (dolores 9 20) (molestie 3 54) (velit 3 55) (praesent 2 87) 
bucket 19 (aliquyam 9 17) (tation 2 91) (copy 1 103) 
bucket 20 (vero 11 14) (iriure 3 53) (wisi 2 98) 
bucket 21 (ut 15 9) 
bucket 22 
bucket 23 (assum 1 101) 
bucket 24 (stet 9 37) (tincidunt 2 93) (ullamcorper 2 94) (http 1 109) 
bucket 25 (consequat 5 42) 
bucket 26 (quis 2 89) 
bucket 27 (tempor 10 15) (sanctus 9 35) 
bucket 28 (ipsum 19 5) (consectetuer 2 66) (soluta 1 122) 
bucket 29 (option 1 118) 
bucket 30 (lobortis 2 79) 
bucket 31 (possim 1 120) 
bucket 32 
bucket 33 (invidunt 9 27) (eleifend 1 107) 
bucket 34 (iusto 2 77) 
bucket 35 (justo 9 28) 
bucket 36 (suscipit 2 90) (facer 1 108) 
bucket 37 (websitetips 2 97) 
bucket 38 (ad 2 58) 
bucket 39 (ea 11 11) (magna 11 13) 
bucket 40 (diam 19 4) (consetetur 9 19) 
bucket 41 (facilisi 2 75) (nostrud 2 85) (zzril 2 99) 
bucket 42 (nonumy 9 32) 
bucket 43 
bucket 44 (accusam 9 16) (adipiscing 2 59) (luptatum 2 80) 
bucket 45 (blandit 2 63) (nonummy 2 84) 
bucket 46 (labore 9 30) (nibh 2 82) (courtesy 1 104) (id 1 110) 
bucket 47 (volutpat 2 96) 
bucket 48 (clita 9 18) (kasd 9 29) (sea 9 36) (voluptua 8 39) (vulputate 3 56) (accumsan 2 57) 
bucket 49 (takimata 9 38) (liber 1 112) (placerat 1 119) 
bucket 50 (facilisis 3 49) 
bucket 51 (sed 19 6) (nam 1 114) 
bucket 52 (amet 19 3) (feugiat 3 50) (delenit 2 67) (feugait 2 76) 

$ cat encoded/ipsum_4-2_h53.txt
2 5 1 7 3 19 34 23 6 4 32 22 15 27 9 30 0 8 13 17 12 6 4 39 10 14 24 0 16 0 28 21 20 0 11 33 37 18 29 26 31 36 38 35 25 2 5 1 7 3 2 5 1 7 3 19 34 23 6 4 32 22 15 27 9 30 0 8 13 17 12 6 4 39 10 14 24 0 16 0 28 21 20 0 11 33 37 18 29 26 31 36 38 35 25 2 5 1 7 3 2 5 1 7 3 19 34 23 6 4 32 22 15 27 9 30 0 8 13 17 12 6 4 39 10 14 24 0 16 0 28 21 20 0 11 33 37 18 29 26 31 36 38 35 25 2 5 1 7 3 43 45 41 48 53 1 40 51 40 56 55 46 54 42 41 52 8 47 50 44 49 10 14 71 0 57 0 77 86 68 88 63 87 80 99 67 62 43 8 92 76 44 75 2 5 1 7 3 66 59 69 6 4 84 82 72 93 9 78 8 13 60 12 96 9 98 70 58 81 95 89 85 74 91 94 90 79 83 9 61 73 11 65 42 43 45 41 48 53 1 40 51 40 56 55 46 54 42 41 52 8 47 50 44 49 10 14 71 0 57 0 77 86 68 88 63 87 80 99 67 62 43 8 92 76 44 75 114 112 15 105 122 116 107 118 102 115 111 106 110 121 113 119 108 120 101 2 5 1 7 3 66 59 69 6 4 84 82 72 93 9 78 8 13 60 12 96 9 98 70 58 81 95 89 85 74 91 94 90 79 83 9 61 73 11 65 42 43 45 41 48 53 1 40 51 40 56 55 46 54 42 41 52 8 47 50 44 49 10 14 24 0 16 0 28 21 20 0 11 33 37 18 29 26 31 36 38 35 25 2 5 1 7 3 2 5 1 7 3 19 34 23 6 4 32 22 15 27 9 30 0 8 13 17 12 6 4 39 10 14 24 0 16 0 28 21 20 0 11 33 37 18 29 26 31 36 38 35 25 2 5 1 7 3 2 5 1 7 3 19 34 23 10 16 17 4 4 8 20 21 22 24 12 0 32 6 15 0 0 27 28 30 37 18 11 0 26 29 13 31 33 35 36 6 38 9 14 39 25 2 5 1 7 3 2 5 1 7 3 19 34 23 6 4 32 22 15 27 9 30 0 8 13 17 12 19 34 23 6 4 32 22 15 27 9 30 0 8 13 17 12 6 4 39 10 14 24 0 16 0 28 21 20 0 11 33 37 18 29 26 31 36 38 35 25 2 5 1 7 3 2 5 1 7 3 19 34 23 6 4 32 22 15 27 9 30 0 8 13 17 12 6 4 39 10 14 24 0 16 0 28 21 20 0 11 33 37 18 29 26 31 36 38 35 25 2 5 1 7 3 2 5 1 7 3 19 34 23 6 4 32 22 15 27 9 30 0 8 13 17 12 6 4 39 10 14 24 0 16 0 28 21 20 0 11 33 37 18 29 26 31 36 38 35 25 2 5 1 7 3 104 117 97 64 109 97 64 100 103 2 


$ ./hw4-2.exe 97 input/ihaveadream.txt output/ihaveadream_4-2_h97.txt encoded/ihaveadream_4-2_h97.txt
0.00123 seconds
26847 bytes ( 49.994 x 537 )

$ cat output/ihaveadream_4-2_h97.txt
hashtable 97 buckets 537 words
bucket 0 (a 38 -1) (brothers 2 -1) (citizens 1 -1) (militancy 1 -1) (mobility 1 -1) (tennessee 1 -1) 
bucket 1 (happiness 1 -1) (storms 1 -1) 
bucket 2 (mountain 4 -1) (joyous 1 -1) (stripped 1 -1) 
bucket 3 (business 1 -1) (threshold 1 -1) (truths 1 -1) 
bucket 4 (injustice 3 -1) (struggle 2 -1) (bad 1 -1) (something 1 -1) 
bucket 5 (be 33 -1) (equality 1 -1) (lookout 1 -1) (sisters 1 -1) 
bucket 6 (hilltops 1 -1) 
bucket 7 (horrors 1 -1) (northern 1 -1) (withering 1 -1) 
bucket 8 (i 16 -1) (overlook 1 -1) (unmindful 1 -1) 
bucket 9 (governor 1 -1) (promises 1 -1) (protest 1 -1) 
bucket 10 (history 2 -1) (had 1 -1) (redemptive 1 -1) 
bucket 11 (emancipation 1 -1) (face 1 -1) (he 1 -1) (quicksands 1 -1) (returns 1 -1) (wrongful 1 -1) 
bucket 12 (am 2 -1) (segregation 2 -1) (country 1 -1) 
bucket 13 (back 9 -1) (an 4 -1) (if 2 -1) 
bucket 14 (ahead 1 -1) (difficulties 1 -1) 
bucket 15 (can 4 -1) (security 1 -1) 
bucket 16 (and 54 -1) (able 8 -1) (discontent 1 -1) 
bucket 17 (poverty 1 -1) 
bucket 18 (as 20 -1) (s 7 -1) (came 2 -1) (died 1 -1) (lead 1 -1) (luxury 1 -1) (transform 1 -1) 
bucket 19 (of 99 -1) (at 4 -1) (made 3 -1) (captivity 1 -1) (spiritual 1 -1) 
bucket 20 (go 9 -1) (brotherhood 3 -1) (end 2 -1) (ago 1 -1) (marvelous 1 -1) (mountains 1 -1) (pursuit 1 -1) 
bucket 21 (in 22 -1) (are 8 -1) (curvaceous 1 -1) 
bucket 22 (all 7 -1) (been 2 -1) (brutality 2 -1) (situation 1 -1) 
bucket 23 (god 4 -1) 
bucket 24 (black 4 -1) (alabama 3 -1) (off 2 -1) (bank 1 -1) (bitterness 1 -1) (red 1 -1) 
bucket 25 (by 8 -1) (check 5 -1) (has 5 -1) (sweltering 3 -1) (ve 3 -1) (distrust 1 -1) (transformed 1 -1) 
bucket 26 (we 33 -1) (is 23 -1) (make 3 -1) (insufficient 2 -1) (prodigious 1 -1) (see 1 -1) 
bucket 27 (day 12 -1) (it 6 -1) (on 5 -1) (land 4 -1) (no 3 -1) (again 2 -1) (cash 2 -1) (community 1 -1) (fall 1 -1) (gain 1 -1) 
bucket 28 (jail 2 -1) (life 2 -1) (her 1 -1) (high 1 -1) (old 1 -1) (proclamation 1 -1) 
bucket 29 (men 6 -1) (basic 1 -1) (momentous 1 -1) 
bucket 30 (the 103 -1) (free 5 -1) (heat 2 -1) (citizenship 1 -1) (creed 1 -1) (dark 1 -1) (foundations 1 -1) (symphony 1 -1) 
bucket 31 (one 13 -1) (needed 1 -1) (or 1 -1) 
bucket 32 (have 18 -1) (come 10 -1) (so 4 -1) (here 3 -1) (deeds 1 -1) (palace 1 -1) (place 1 -1) (real 1 -1) (tomorrow 1 -1) (whirlwinds 1 -1) 
bucket 33 (to 59 -1) (his 3 -1) (like 2 -1) (engage 1 -1) (hew 1 -1) (inextricably 1 -1) (ocean 1 -1) (take 1 -1) 
bucket 34 (let 13 -1) (thee 2 -1) (beacon 1 -1) (decree 1 -1) (tied 1 -1) 
bucket 35 (up 4 -1) (mountainside 2 -1) (changed 1 -1) (demand 1 -1) (fatal 1 -1) (hold 1 -1) (nullification 1 -1) (table 1 -1) 
bucket 36 (dream 12 -1) (for 9 -1) (my 5 -1) (heir 1 -1) (invigorating 1 -1) (leads 1 -1) (seek 1 -1) 
bucket 37 (hill 2 -1) (become 1 -1) (cup 1 -1) (persecution 1 -1) 
bucket 38 (us 4 -1) (racial 2 -1) (self 2 -1) (five 1 -1) (hood 1 -1) (march 1 -1) 
bucket 39 (faith 5 -1) (new 5 -1) (areas 1 -1) (capped 1 -1) (give 1 -1) (left 1 -1) (oppression 1 -1) (shake 1 -1) 
bucket 40 (but 6 -1) (hope 4 -1) (was 2 -1) (fierce 1 -1) (robbed 1 -1) 
bucket 41 (hands 2 -1) (path 1 -1) 
bucket 42 (even 2 -1) (force 2 -1) (say 2 -1) (alone 1 -1) 
bucket 43 (america 5 -1) (time 5 -1) (who 4 -1) (walk 2 -1) (also 1 -1) (lift 1 -1) (pennsylvania 1 -1) (plane 1 -1) (pledge 1 -1) (rock 1 -1) 
bucket 44 (ring 12 -1) (long 6 -1) (join 3 -1) (live 2 -1) (nor 1 -1) (rude 1 -1) (sacred 1 -1) (speed 1 -1) 
bucket 45 (that 24 -1) (its 3 -1) (sing 3 -1) (flesh 1 -1) (judged 1 -1) (lord 1 -1) (sit 1 -1) (tis 1 -1) 
bucket 46 (not 13 -1) (when 7 -1) (great 5 -1) (which 5 -1) (cells 1 -1) (discrimination 1 -1) (drug 1 -1) (marked 1 -1) (seared 1 -1) (yes 1 -1) 
bucket 47 (shall 5 -1) (rise 3 -1) (finds 1 -1) (low 1 -1) (plain 1 -1) (pride 1 -1) (were 1 -1) 
bucket 48 (from 18 -1) (last 3 -1) (some 3 -1) (blow 1 -1) (bodies 1 -1) (chains 1 -1) (well 1 -1) (what 1 -1) 
bucket 49 (now 6 -1) (mississippi 4 -1) (created 1 -1) (many 1 -1) (own 1 -1) (skin 1 -1) (thank 1 -1) 
bucket 50 (note 3 -1) (places 2 -1) (2 1 -1) (civil 1 -1) (exile 1 -1) (flames 1 -1) (hatred 1 -1) 
bucket 51 (our 17 -1) (there 6 -1) (later 4 -1) (bound 1 -1) (equal 1 -1) (fresh 1 -1) (light 1 -1) (pass 1 -1) (three 1 -1) (tribulations 1 -1) (warm 1 -1) 
bucket 52 (will 27 -1) (this 20 -1) (down 4 -1) (given 1 -1) (lips 1 -1) (signed 1 -1) (these 1 -1) 
bucket 53 (out 3 -1) (stand 3 -1) (believe 2 -1) (city 1 -1) (hamlet 1 -1) (island 1 -1) (jews 1 -1) (night 1 -1) (steam 1 -1) 
bucket 54 (negro 15 -1) (into 4 -1) (they 3 -1) (where 3 -1) (police 2 -1) (gaining 1 -1) (prosperity 1 -1) (slave 1 -1) (solid 1 -1) 
bucket 55 (their 8 -1) (georgia 3 -1) (asking 1 -1) (capital 1 -1) (having 1 -1) (hills 1 -1) (larger 1 -1) (score 1 -1) 
bucket 56 (with 16 -1) (american 4 -1) (meaning 2 -1) (four 1 -1) (heavy 1 -1) (pray 1 -1) (riches 1 -1) (sadly 1 -1) 
bucket 57 (boys 2 -1) (demonstration 1 -1) (remind 1 -1) (right 1 -1) (sense 1 -1) 
bucket 58 (you 8 -1) (allow 2 -1) (color 2 -1) (vote 2 -1) (bright 1 -1) (oasis 1 -1) (rest 1 -1) (tranquility 1 -1) (vast 1 -1) 
bucket 59 (freedom 20 -1) (never 3 -1) (cities 2 -1) (funds 2 -1) (daybreak 1 -1) (protestants 1 -1) 
bucket 60 (today 9 -1) (white 6 -1) (state 3 -1) (girls 2 -1) (promissory 2 -1) (true 2 -1) (manacles 1 -1) (midst 1 -1) 
bucket 61 (cannot 6 -1) (deeply 1 -1) (happy 1 -1) (lodging 1 -1) (village 1 -1) 
bucket 62 (only 2 -1) (those 2 -1) (evidenced 1 -1) (fatigue 1 -1) (granted 1 -1) (lives 1 -1) (upon 1 -1) 
bucket 63 (years 5 -1) (people 3 -1) (sons 2 -1) (work 2 -1) (signs 1 -1) (soul 1 -1) 
bucket 64 (crooked 1 -1) (exalted 1 -1) (revealed 1 -1) (rough 1 -1) (shadow 1 -1) (winds 1 -1) 
bucket 65 (children 5 -1) (despair 2 -1) (york 2 -1) (carolina 1 -1) (emerges 1 -1) (himself 1 -1) (instead 1 -1) (whose 1 -1) 
bucket 66 (engulfed 1 -1) (jangling 1 -1) (meeting 1 -1) (spot 1 -1) 
bucket 67 (nation 11 -1) (hundred 4 -1) (still 4 -1) (battered 1 -1) (snow 1 -1) (sweet 1 -1) (tranquilizing 1 -1) 
bucket 68 (refuse 2 -1) (stone 2 -1) (character 1 -1) (cooling 1 -1) (friends 1 -1) 
bucket 69 (must 8 -1) (former 2 -1) (realize 2 -1) (defaulted 1 -1) (ghetto 1 -1) (heights 1 -1) (righteousness 1 -1) (turn 1 -1) (usual 1 -1) 
bucket 70 (every 10 -1) (would 2 -1) (constitution 1 -1) (fathers 1 -1) (stream 1 -1) (victim 1 -1) 
bucket 71 (until 4 -1) (valley 3 -1) (believes 1 -1) (material 1 -1) (rolls 1 -1) (rooted 1 -1) 
bucket 72 (little 3 -1) (slaves 2 -1) (beginning 1 -1) (concerned 1 -1) (evident 1 -1) (glory 1 -1) (hallowed 1 -1) (happens 1 -1) (majestic 1 -1) (neither 1 -1) (signing 1 -1) (travel 1 -1) 
bucket 73 (conduct 1 -1) (desolate 1 -1) (hotels 1 -1) (interposition 1 -1) (rockies 1 -1) (smaller 1 -1) (though 1 -1) (trials 1 -1) 
bucket 74 (words 3 -1) (degenerate 1 -1) (moment 1 -1) (unearned 1 -1) 
bucket 75 (rights 3 -1) (creative 2 -1) (always 1 -1) (colorado 1 -1) (crippled 1 -1) (insofar 1 -1) (your 1 -1) 
bucket 76 (mighty 2 -1) (awakening 1 -1) (wrote 1 -1) 
bucket 77 (quest 2 -1) (lonely 1 -1) (pilgrim 1 -1) (presence 1 -1) (shameful 1 -1) (staggered 1 -1) (violence 1 -1) 
bucket 78 (south 2 -1) (california 1 -1) (democracy 1 -1) (drinking 1 -1) (molehill 1 -1) (motels 1 -1) (nineteen 1 -1) (republic 1 -1) (whites 1 -1) 
bucket 79 (slums 1 -1) 
bucket 80 (justice 8 -1) (nothing 1 -1) (slopes 1 -1) (wallow 1 -1) (waters 1 -1) 
bucket 81 (dignity 2 -1) (catholics 1 -1) (opportunity 1 -1) 
bucket 82 (forever 1 -1) (racists 1 -1) 
bucket 83 (satisfied 8 -1) (discords 1 -1) (gentiles 1 -1) (narrow 1 -1) (reality 1 -1) (stating 1 -1) (summer 1 -1) 
bucket 84 (content 2 -1) (liberty 2 -1) (autumn 1 -1) 
bucket 85 (physical 2 -1) (corners 1 -1) (dripping 1 -1) (unalienable 1 -1) 
bucket 86 (knowing 2 -1) (urgency 2 -1) (alleghenies 1 -1) (guaranteed 1 -1) (independence 1 -1) (revolt 1 -1) 
bucket 87 (almighty 1 -1) (devotees 1 -1) (ghettos 1 -1) (greatest 1 -1) 
bucket 88 (beautiful 1 -1) (dramatize 1 -1) (guilty 1 -1) (hampshire 1 -1) (owners 1 -1) (process 1 -1) (promise 1 -1) (thirst 1 -1) 
bucket 89 (destiny 2 -1) (society 1 -1) (sunlit 1 -1) (vaults 1 -1) 
bucket 90 (together 7 -1) (discipline 1 -1) (languished 1 -1) (magnificent 1 -1) (symbolic 1 -1) 
bucket 91 (declaration 1 -1) (legitimate 1 -1) (somehow 1 -1) (vicious 1 -1) 
bucket 92 (highways 1 -1) (honoring 1 -1) (louisiana 1 -1) (satisfy 1 -1) (sixty 1 -1) 
bucket 93 (continue 2 -1) (rightful 1 -1) 
bucket 94 (condition 1 -1) (obligation 1 -1) (straight 1 -1) 
bucket 95 (bankrupt 1 -1) (gradualism 1 -1) (heightening 1 -1) (millions 1 -1) 
bucket 96 (suffering 2 -1) (architects 1 -1) (obvious 1 -1) (unspeakable 1 -1) (veterans 1 -1) 

count-alphabet-sorted 537 words
(the 103 0) (of 99 1) (to 59 2) (and 54 3) (a 38 4) (be 33 5) (we 33 6) (will 27 7) (that 24 8) (is 23 9) (in 22 10) (as 20 11) (freedom 20 12) (this 20 13) (from 18 14) (have 18 15) (our 17 16) (i 16 17) (with 16 18) (negro 15 19) (let 13 20) (not 13 21) (one 13 22) (day 12 23) (dream 12 24) (ring 12 25) (nation 11 26) (come 10 27) (every 10 28) (back 9 29) (for 9 30) (go 9 31) (today 9 32) (able 8 33) (are 8 34) (by 8 35) (justice 8 36) (must 8 37) (satisfied 8 38) (their 8 39) (you 8 40) (all 7 41) (s 7 42) (together 7 43) (when 7 44) (but 6 45) (cannot 6 46) (it 6 47) (long 6 48) (men 6 49) (now 6 50) (there 6 51) (white 6 52) (america 5 53) (check 5 54) (children 5 55) (faith 5 56) (free 5 57) (great 5 58) (has 5 59) (my 5 60) (new 5 61) (on 5 62) (shall 5 63) (time 5 64) (which 5 65) (years 5 66) (american 4 67) (an 4 68) (at 4 69) (black 4 70) (can 4 71) (down 4 72) (god 4 73) (hope 4 74) (hundred 4 75) (into 4 76) (land 4 77) (later 4 78) (mississippi 4 79) (mountain 4 80) (so 4 81) (still 4 82) (until 4 83) (up 4 84) (us 4 85) (who 4 86) (alabama 3 87) (brotherhood 3 88) (georgia 3 89) (here 3 90) (his 3 91) (injustice 3 92) (its 3 93) (join 3 94) (last 3 95) (little 3 96) (made 3 97) (make 3 98) (never 3 99) (no 3 100) (note 3 101) (out 3 102) (people 3 103) (rights 3 104) (rise 3 105) (sing 3 106) (some 3 107) (stand 3 108) (state 3 109) (sweltering 3 110) (they 3 111) (valley 3 112) (ve 3 113) (where 3 114) (words 3 115) (again 2 116) (allow 2 117) (am 2 118) (been 2 119) (believe 2 120) (boys 2 121) (brothers 2 122) (brutality 2 123) (came 2 124) (cash 2 125) (cities 2 126) (color 2 127) (content 2 128) (continue 2 129) (creative 2 130) (despair 2 131) (destiny 2 132) (dignity 2 133) (end 2 134) (even 2 135) (force 2 136) (former 2 137) (funds 2 138) (girls 2 139) (hands 2 140) (heat 2 141) (hill 2 142) (history 2 143) (if 2 144) (insufficient 2 145) (jail 2 146) (knowing 2 147) (liberty 2 148) (life 2 149) (like 2 150) (live 2 151) (meaning 2 152) (mighty 2 153) (mountainside 2 154) (off 2 155) (only 2 156) (physical 2 157) (places 2 158) (police 2 159) (promissory 2 160) (quest 2 161) (racial 2 162) (realize 2 163) (refuse 2 164) (say 2 165) (segregation 2 166) (self 2 167) (slaves 2 168) (sons 2 169) (south 2 170) (stone 2 171) (struggle 2 172) (suffering 2 173) (thee 2 174) (those 2 175) (true 2 176) (urgency 2 177) (vote 2 178) (walk 2 179) (was 2 180) (work 2 181) (would 2 182) (york 2 183) (2 1 184) (ago 1 185) (ahead 1 186) (alleghenies 1 187) (almighty 1 188) (alone 1 189) (also 1 190) (always 1 191) (architects 1 192) (areas 1 193) (asking 1 194) (autumn 1 195) (awakening 1 196) (bad 1 197) (bank 1 198) (bankrupt 1 199) (basic 1 200) (battered 1 201) (beacon 1 202) (beautiful 1 203) (become 1 204) (beginning 1 205) (believes 1 206) (bitterness 1 207) (blow 1 208) (bodies 1 209) (bound 1 210) (bright 1 211) (business 1 212) (california 1 213) (capital 1 214) (capped 1 215) (captivity 1 216) (carolina 1 217) (catholics 1 218) (cells 1 219) (chains 1 220) (changed 1 221) (character 1 222) (citizens 1 223) (citizenship 1 224) (city 1 225) (civil 1 226) (colorado 1 227) (community 1 228) (concerned 1 229) (condition 1 230) (conduct 1 231) (constitution 1 232) (cooling 1 233) (corners 1 234) (country 1 235) (created 1 236) (creed 1 237) (crippled 1 238) (crooked 1 239) (cup 1 240) (curvaceous 1 241) (dark 1 242) (daybreak 1 243) (declaration 1 244) (decree 1 245) (deeds 1 246) (deeply 1 247) (defaulted 1 248) (degenerate 1 249) (demand 1 250) (democracy 1 251) (demonstration 1 252) (desolate 1 253) (devotees 1 254) (died 1 255) (difficulties 1 256) (discipline 1 257) (discontent 1 258) (discords 1 259) (discrimination 1 260) (distrust 1 261) (dramatize 1 262) (drinking 1 263) (dripping 1 264) (drug 1 265) (emancipation 1 266) (emerges 1 267) (engage 1 268) (engulfed 1 269) (equal 1 270) (equality 1 271) (evidenced 1 272) (evident 1 273) (exalted 1 274) (exile 1 275) (face 1 276) (fall 1 277) (fatal 1 278) (fathers 1 279) (fatigue 1 280) (fierce 1 281) (finds 1 282) (five 1 283) (flames 1 284) (flesh 1 285) (forever 1 286) (foundations 1 287) (four 1 288) (fresh 1 289) (friends 1 290) (gain 1 291) (gaining 1 292) (gentiles 1 293) (ghetto 1 294) (ghettos 1 295) (give 1 296) (given 1 297) (glory 1 298) (governor 1 299) (gradualism 1 300) (granted 1 301) (greatest 1 302) (guaranteed 1 303) (guilty 1 304) (had 1 305) (hallowed 1 306) (hamlet 1 307) (hampshire 1 308) (happens 1 309) (happiness 1 310) (happy 1 311) (hatred 1 312) (having 1 313) (he 1 314) (heavy 1 315) (heightening 1 316) (heights 1 317) (heir 1 318) (her 1 319) (hew 1 320) (high 1 321) (highways 1 322) (hills 1 323) (hilltops 1 324) (himself 1 325) (hold 1 326) (honoring 1 327) (hood 1 328) (horrors 1 329) (hotels 1 330) (independence 1 331) (inextricably 1 332) (insofar 1 333) (instead 1 334) (interposition 1 335) (invigorating 1 336) (island 1 337) (jangling 1 338) (jews 1 339) (joyous 1 340) (judged 1 341) (languished 1 342) (larger 1 343) (lead 1 344) (leads 1 345) (left 1 346) (legitimate 1 347) (lift 1 348) (light 1 349) (lips 1 350) (lives 1 351) (lodging 1 352) (lonely 1 353) (lookout 1 354) (lord 1 355) (louisiana 1 356) (low 1 357) (luxury 1 358) (magnificent 1 359) (majestic 1 360) (manacles 1 361) (many 1 362) (march 1 363) (marked 1 364) (marvelous 1 365) (material 1 366) (meeting 1 367) (midst 1 368) (militancy 1 369) (millions 1 370) (mobility 1 371) (molehill 1 372) (moment 1 373) (momentous 1 374) (motels 1 375) (mountains 1 376) (narrow 1 377) (needed 1 378) (neither 1 379) (night 1 380) (nineteen 1 381) (nor 1 382) (northern 1 383) (nothing 1 384) (nullification 1 385) (oasis 1 386) (obligation 1 387) (obvious 1 388) (ocean 1 389) (old 1 390) (opportunity 1 391) (oppression 1 392) (or 1 393) (overlook 1 394) (own 1 395) (owners 1 396) (palace 1 397) (pass 1 398) (path 1 399) (pennsylvania 1 400) (persecution 1 401) (pilgrim 1 402) (place 1 403) (plain 1 404) (plane 1 405) (pledge 1 406) (poverty 1 407) (pray 1 408) (presence 1 409) (pride 1 410) (process 1 411) (proclamation 1 412) (prodigious 1 413) (promise 1 414) (promises 1 415) (prosperity 1 416) (protest 1 417) (protestants 1 418) (pursuit 1 419) (quicksands 1 420) (racists 1 421) (real 1 422) (reality 1 423) (red 1 424) (redemptive 1 425) (remind 1 426) (republic 1 427) (rest 1 428) (returns 1 429) (revealed 1 430) (revolt 1 431) (riches 1 432) (right 1 433) (righteousness 1 434) (rightful 1 435) (robbed 1 436) (rock 1 437) (rockies 1 438) (rolls 1 439) (rooted 1 440) (rough 1 441) (rude 1 442) (sacred 1 443) (sadly 1 444) (satisfy 1 445) (score 1 446) (seared 1 447) (security 1 448) (see 1 449) (seek 1 450) (sense 1 451) (shadow 1 452) (shake 1 453) (shameful 1 454) (signed 1 455) (signing 1 456) (signs 1 457) (sisters 1 458) (sit 1 459) (situation 1 460) (sixty 1 461) (skin 1 462) (slave 1 463) (slopes 1 464) (slums 1 465) (smaller 1 466) (snow 1 467) (society 1 468) (solid 1 469) (somehow 1 470) (something 1 471) (soul 1 472) (speed 1 473) (spiritual 1 474) (spot 1 475) (staggered 1 476) (stating 1 477) (steam 1 478) (storms 1 479) (straight 1 480) (stream 1 481) (stripped 1 482) (summer 1 483) (sunlit 1 484) (sweet 1 485) (symbolic 1 486) (symphony 1 487) (table 1 488) (take 1 489) (tennessee 1 490) (thank 1 491) (these 1 492) (thirst 1 493) (though 1 494) (three 1 495) (threshold 1 496) (tied 1 497) (tis 1 498) (tomorrow 1 499) (tranquility 1 500) (tranquilizing 1 501) (transform 1 502) (transformed 1 503) (travel 1 504) (trials 1 505) (tribulations 1 506) (truths 1 507) (turn 1 508) (unalienable 1 509) (unearned 1 510) (unmindful 1 511) (unspeakable 1 512) (upon 1 513) (usual 1 514) (vast 1 515) (vaults 1 516) (veterans 1 517) (vicious 1 518) (victim 1 519) (village 1 520) (violence 1 521) (wallow 1 522) (warm 1 523) (waters 1 524) (well 1 525) (were 1 526) (what 1 527) (whirlwinds 1 528) (whites 1 529) (whose 1 530) (winds 1 531) (withering 1 532) (wrongful 1 533) (wrote 1 534) (yes 1 535) (your 1 536) 

hashtable 97 buckets 537 words
bucket 0 (a 38 4) (brothers 2 122) (citizens 1 223) (militancy 1 369) (mobility 1 371) (tennessee 1 490) 
bucket 1 (happiness 1 310) (storms 1 479) 
bucket 2 (mountain 4 80) (joyous 1 340) (stripped 1 482) 
bucket 3 (business 1 212) (threshold 1 496) (truths 1 507) 
bucket 4 (injustice 3 92) (struggle 2 172) (bad 1 197) (something 1 471) 
bucket 5 (be 33 5) (equality 1 271) (lookout 1 354) (sisters 1 458) 
bucket 6 (hilltops 1 324) 
bucket 7 (horrors 1 329) (northern 1 383) (withering 1 532) 
bucket 8 (i 16 17) (overlook 1 394) (unmindful 1 511) 
bucket 9 (governor 1 299) (promises 1 415) (protest 1 417) 
bucket 10 (history 2 143) (had 1 305) (redemptive 1 425) 
bucket 11 (emancipation 1 266) (face 1 276) (he 1 314) (quicksands 1 420) (returns 1 429) (wrongful 1 533) 
bucket 12 (am 2 118) (segregation 2 166) (country 1 235) 
bucket 13 (back 9 29) (an 4 68) (if 2 144) 
bucket 14 (ahead 1 186) (difficulties 1 256) 
bucket 15 (can 4 71) (security 1 448) 
bucket 16 (and 54 3) (able 8 33) (discontent 1 258) 
bucket 17 (poverty 1 407) 
bucket 18 (as 20 11) (s 7 42) (came 2 124) (died 1 255) (lead 1 344) (luxury 1 358) (transform 1 502) 
bucket 19 (of 99 1) (at 4 69) (made 3 97) (captivity 1 216) (spiritual 1 474) 
bucket 20 (go 9 31) (brotherhood 3 88) (end 2 134) (ago 1 185) (marvelous 1 365) (mountains 1 376) (pursuit 1 419) 
bucket 21 (in 22 10) (are 8 34) (curvaceous 1 241) 
bucket 22 (all 7 41) (been 2 119) (brutality 2 123) (situation 1 460) 
bucket 23 (god 4 73) 
bucket 24 (black 4 70) (alabama 3 87) (off 2 155) (bank 1 198) (bitterness 1 207) (red 1 424) 
bucket 25 (by 8 35) (check 5 54) (has 5 59) (sweltering 3 110) (ve 3 113) (distrust 1 261) (transformed 1 503) 
bucket 26 (we 33 6) (is 23 9) (make 3 98) (insufficient 2 145) (prodigious 1 413) (see 1 449) 
bucket 27 (day 12 23) (it 6 47) (on 5 62) (land 4 77) (no 3 100) (again 2 116) (cash 2 125) (community 1 228) (fall 1 277) (gain 1 291) 
bucket 28 (jail 2 146) (life 2 149) (her 1 319) (high 1 321) (old 1 390) (proclamation 1 412) 
bucket 29 (men 6 49) (basic 1 200) (momentous 1 374) 
bucket 30 (the 103 0) (free 5 57) (heat 2 141) (citizenship 1 224) (creed 1 237) (dark 1 242) (foundations 1 287) (symphony 1 487) 
bucket 31 (one 13 22) (needed 1 378) (or 1 393) 
bucket 32 (have 18 15) (come 10 27) (so 4 81) (here 3 90) (deeds 1 246) (palace 1 397) (place 1 403) (real 1 422) (tomorrow 1 499) (whirlwinds 1 528) 
bucket 33 (to 59 2) (his 3 91) (like 2 150) (engage 1 268) (hew 1 320) (inextricably 1 332) (ocean 1 389) (take 1 489) 
bucket 34 (let 13 20) (thee 2 174) (beacon 1 202) (decree 1 245) (tied 1 497) 
bucket 35 (up 4 84) (mountainside 2 154) (changed 1 221) (demand 1 250) (fatal 1 278) (hold 1 326) (nullification 1 385) (table 1 488) 
bucket 36 (dream 12 24) (for 9 30) (my 5 60) (heir 1 318) (invigorating 1 336) (leads 1 345) (seek 1 450) 
bucket 37 (hill 2 142) (become 1 204) (cup 1 240) (persecution 1 401) 
bucket 38 (us 4 85) (racial 2 162) (self 2 167) (five 1 283) (hood 1 328) (march 1 363) 
bucket 39 (faith 5 56) (new 5 61) (areas 1 193) (capped 1 215) (give 1 296) (left 1 346) (oppression 1 392) (shake 1 453) 
bucket 40 (but 6 45) (hope 4 74) (was 2 180) (fierce 1 281) (robbed 1 436) 
bucket 41 (hands 2 140) (path 1 399) 
bucket 42 (even 2 135) (force 2 136) (say 2 165) (alone 1 189) 
bucket 43 (america 5 53) (time 5 64) (who 4 86) (walk 2 179) (also 1 190) (lift 1 348) (pennsylvania 1 400) (plane 1 405) (pledge 1 406) (rock 1 437) 
bucket 44 (ring 12 25) (long 6 48) (join 3 94) (live 2 151) (nor 1 382) (rude 1 442) (sacred 1 443) (speed 1 473) 
bucket 45 (that 24 8) (its 3 93) (sing 3 106) (flesh 1 285) (judged 1 341) (lord 1 355) (sit 1 459) (tis 1 498) 
bucket 46 (not 13 21) (when 7 44) (great 5 58) (which 5 65) (cells 1 219) (discrimination 1 260) (drug 1 265) (marked 1 364) (seared 1 447) (yes 1 535) 
bucket 47 (shall 5 63) (rise 3 105) (finds 1 282) (low 1 357) (plain 1 404) (pride 1 410) (were 1 526) 
bucket 48 (from 18 14) (last 3 95) (some 3 107) (blow 1 208) (bodies 1 209) (chains 1 220) (well 1 525) (what 1 527) 
bucket 49 (now 6 50) (mississippi 4 79) (created 1 236) (many 1 362) (own 1 395) (skin 1 462) (thank 1 491) 
bucket 50 (note 3 101) (places 2 158) (2 1 184) (civil 1 226) (exile 1 275) (flames 1 284) (hatred 1 312) 
bucket 51 (our 17 16) (there 6 51) (later 4 78) (bound 1 210) (equal 1 270) (fresh 1 289) (light 1 349) (pass 1 398) (three 1 495) (tribulations 1 506) (warm 1 523) 
bucket 52 (will 27 7) (this 20 13) (down 4 72) (given 1 297) (lips 1 350) (signed 1 455) (these 1 492) 
bucket 53 (out 3 102) (stand 3 108) (believe 2 120) (city 1 225) (hamlet 1 307) (island 1 337) (jews 1 339) (night 1 380) (steam 1 478) 
bucket 54 (negro 15 19) (into 4 76) (they 3 111) (where 3 114) (police 2 159) (gaining 1 292) (prosperity 1 416) (slave 1 463) (solid 1 469) 
bucket 55 (their 8 39) (georgia 3 89) (asking 1 194) (capital 1 214) (having 1 313) (hills 1 323) (larger 1 343) (score 1 446) 
bucket 56 (with 16 18) (american 4 67) (meaning 2 152) (four 1 288) (heavy 1 315) (pray 1 408) (riches 1 432) (sadly 1 444) 
bucket 57 (boys 2 121) (demonstration 1 252) (remind 1 426) (right 1 433) (sense 1 451) 
bucket 58 (you 8 40) (allow 2 117) (color 2 127) (vote 2 178) (bright 1 211) (oasis 1 386) (rest 1 428) (tranquility 1 500) (vast 1 515) 
bucket 59 (freedom 20 12) (never 3 99) (cities 2 126) (funds 2 138) (daybreak 1 243) (protestants 1 418) 
bucket 60 (today 9 32) (white 6 52) (state 3 109) (girls 2 139) (promissory 2 160) (true 2 176) (manacles 1 361) (midst 1 368) 
bucket 61 (cannot 6 46) (deeply 1 247) (happy 1 311) (lodging 1 352) (village 1 520) 
bucket 62 (only 2 156) (those 2 175) (evidenced 1 272) (fatigue 1 280) (granted 1 301) (lives 1 351) (upon 1 513) 
bucket 63 (years 5 66) (people 3 103) (sons 2 169) (work 2 181) (signs 1 457) (soul 1 472) 
bucket 64 (crooked 1 239) (exalted 1 274) (revealed 1 430) (rough 1 441) (shadow 1 452) (winds 1 531) 
bucket 65 (children 5 55) (despair 2 131) (york 2 183) (carolina 1 217) (emerges 1 267) (himself 1 325) (instead 1 334) (whose 1 530) 
bucket 66 (engulfed 1 269) (jangling 1 338) (meeting 1 367) (spot 1 475) 
bucket 67 (nation 11 26) (hundred 4 75) (still 4 82) (battered 1 201) (snow 1 467) (sweet 1 485) (tranquilizing 1 501) 
bucket 68 (refuse 2 164) (stone 2 171) (character 1 222) (cooling 1 233) (friends 1 290) 
bucket 69 (must 8 37) (former 2 137) (realize 2 163) (defaulted 1 248) (ghetto 1 294) (heights 1 317) (righteousness 1 434) (turn 1 508) (usual 1 514) 
bucket 70 (every 10 28) (would 2 182) (constitution 1 232) (fathers 1 279) (stream 1 481) (victim 1 519) 
bucket 71 (until 4 83) (valley 3 112) (believes 1 206) (material 1 366) (rolls 1 439) (rooted 1 440) 
bucket 72 (little 3 96) (slaves 2 168) (beginning 1 205) (concerned 1 229) (evident 1 273) (glory 1 298) (hallowed 1 306) (happens 1 309) (majestic 1 360) (neither 1 379) (signing 1 456) (travel 1 504) 
bucket 73 (conduct 1 231) (desolate 1 253) (hotels 1 330) (interposition 1 335) (rockies 1 438) (smaller 1 466) (though 1 494) (trials 1 505) 
bucket 74 (words 3 115) (degenerate 1 249) (moment 1 373) (unearned 1 510) 
bucket 75 (rights 3 104) (creative 2 130) (always 1 191) (colorado 1 227) (crippled 1 238) (insofar 1 333) (your 1 536) 
bucket 76 (mighty 2 153) (awakening 1 196) (wrote 1 534) 
bucket 77 (quest 2 161) (lonely 1 353) (pilgrim 1 402) (presence 1 409) (shameful 1 454) (staggered 1 476) (violence 1 521) 
bucket 78 (south 2 170) (california 1 213) (democracy 1 251) (drinking 1 263) (molehill 1 372) (motels 1 375) (nineteen 1 381) (republic 1 427) (whites 1 529) 
bucket 79 (slums 1 465) 
bucket 80 (justice 8 36) (nothing 1 384) (slopes 1 464) (wallow 1 522) (waters 1 524) 
bucket 81 (dignity 2 133) (catholics 1 218) (opportunity 1 391) 
bucket 82 (forever 1 286) (racists 1 421) 
bucket 83 (satisfied 8 38) (discords 1 259) (gentiles 1 293) (narrow 1 377) (reality 1 423) (stating 1 477) (summer 1 483) 
bucket 84 (content 2 128) (liberty 2 148) (autumn 1 195) 
bucket 85 (physical 2 157) (corners 1 234) (dripping 1 264) (unalienable 1 509) 
bucket 86 (knowing 2 147) (urgency 2 177) (alleghenies 1 187) (guaranteed 1 303) (independence 1 331) (revolt 1 431) 
bucket 87 (almighty 1 188) (devotees 1 254) (ghettos 1 295) (greatest 1 302) 
bucket 88 (beautiful 1 203) (dramatize 1 262) (guilty 1 304) (hampshire 1 308) (owners 1 396) (process 1 411) (promise 1 414) (thirst 1 493) 
bucket 89 (destiny 2 132) (society 1 468) (sunlit 1 484) (vaults 1 516) 
bucket 90 (together 7 43) (discipline 1 257) (languished 1 342) (magnificent 1 359) (symbolic 1 486) 
bucket 91 (declaration 1 244) (legitimate 1 347) (somehow 1 470) (vicious 1 518) 
bucket 92 (highways 1 322) (honoring 1 327) (louisiana 1 356) (satisfy 1 445) (sixty 1 461) 
bucket 93 (continue 2 129) (rightful 1 435) 
bucket 94 (condition 1 230) (obligation 1 387) (straight 1 480) 
bucket 95 (bankrupt 1 199) (gradualism 1 300) (heightening 1 316) (millions 1 370) 
bucket 96 (suffering 2 173) (architects 1 192) (obvious 1 388) (unspeakable 1 512) (veterans 1 517) 

$ cat encoded/ihaveadream_4-2_h97.txt
17 15 4 24 17 118 311 2 94 18 40 32 10 527 7 31 72 10 143 11 0 302 252 30 12 10 0 143 1 16 26 283 446 66 185 4 58 67 10 530 486 452 6 108 32 455 0 266 412 13 374 245 124 11 4 58 202 349 1 74 2 370 1 19 168 86 305 119 447 10 0 284 1 532 92 47 124 11 4 340 243 2 134 0 48 380 1 39 216 45 22 75 66 78 0 19 82 9 21 57 22 75 66 78 0 149 1 0 19 9 82 444 238 35 0 361 1 166 3 0 220 1 260 22 75 66 78 0 19 351 62 4 353 337 1 407 10 0 368 1 4 515 389 1 366 416 22 75 66 78 0 19 9 82 342 10 0 234 1 67 468 3 282 325 68 275 10 91 395 77 3 81 6 113 27 90 32 2 262 4 454 230 10 4 451 6 113 27 2 16 26 42 214 2 125 4 54 44 0 192 1 16 427 534 0 359 115 1 0 232 3 0 244 1 331 111 526 456 4 160 101 2 65 28 67 180 2 277 318 13 101 180 4 414 8 41 49 535 70 49 11 525 11 52 49 182 5 303 0 509 104 1 149 148 3 0 419 1 310 47 9 388 32 8 53 59 248 62 13 160 101 333 11 319 223 1 127 34 229 334 1 327 13 443 387 53 59 297 0 19 103 4 197 54 4 54 65 59 27 29 364 145 138 45 6 164 2 120 8 0 198 1 36 9 199 6 164 2 120 8 51 34 145 138 10 0 58 516 1 391 1 13 26 3 81 6 113 27 2 125 13 54 4 54 8 7 296 85 513 250 0 432 1 12 3 0 448 1 36 6 15 190 27 2 13 306 475 2 426 53 1 0 281 177 1 50 13 9 100 64 2 268 10 0 358 1 233 155 393 2 489 0 501 265 1 300 50 9 0 64 2 98 422 0 415 1 251 50 9 0 64 2 105 14 0 242 3 253 112 1 166 2 0 484 399 1 162 36 50 9 0 64 2 348 16 26 14 0 420 1 162 92 2 0 469 437 1 88 50 9 0 64 2 98 36 4 423 30 41 1 73 42 55 47 182 5 278 30 0 26 2 394 0 177 1 0 373 13 110 483 1 0 19 42 347 258 7 21 398 83 51 9 68 336 195 1 12 3 271 381 461 495 9 21 68 134 45 4 205 3 175 86 74 8 0 19 378 2 208 155 478 3 7 50 5 128 7 15 4 442 196 144 0 26 429 2 212 11 514 3 51 7 5 379 428 382 500 10 53 83 0 19 9 301 91 224 104 0 528 1 431 7 129 2 453 0 287 1 16 26 83 0 211 23 1 36 267 45 51 9 471 8 17 37 165 2 60 103 86 108 62 0 523 496 65 345 76 0 397 1 36 10 0 411 1 292 16 435 403 6 37 21 5 304 1 533 246 20 85 21 450 2 445 16 493 30 12 35 263 14 0 240 1 207 3 312 6 37 286 231 16 172 62 0 321 405 1 133 3 257 6 37 21 117 16 130 417 2 249 76 157 521 116 3 116 6 37 105 2 0 360 317 1 367 157 136 18 472 136 0 365 61 369 65 59 269 0 19 228 37 21 344 85 2 4 261 1 41 52 103 30 362 1 16 52 122 11 272 35 39 409 90 32 15 27 2 163 8 39 132 9 497 84 18 16 132 3 111 15 27 2 163 8 39 12 9 332 210 2 16 12 6 46 179 189 3 11 6 179 6 37 98 0 406 8 6 63 191 363 186 6 46 508 29 51 34 175 86 34 194 0 254 1 226 104 44 7 40 5 38 6 71 99 5 38 11 48 11 0 19 9 0 519 1 0 512 329 1 159 123 6 71 99 5 38 11 48 11 16 209 315 18 0 280 1 504 46 291 352 10 0 375 1 0 322 3 0 330 1 0 126 6 46 5 38 11 48 11 0 19 42 200 371 9 14 4 466 294 2 4 343 22 6 71 99 5 38 11 48 11 16 55 34 482 1 39 167 328 3 436 1 39 133 35 457 477 30 529 156 6 46 5 38 11 48 11 4 19 10 79 46 178 3 4 19 10 61 183 206 314 59 384 30 65 2 178 100 100 6 34 21 38 3 6 7 21 5 38 83 36 439 72 150 524 3 434 150 4 153 481 17 118 21 511 8 107 1 40 15 27 90 102 1 58 505 3 506 107 1 40 15 27 289 14 377 146 219 3 107 1 40 15 27 14 193 114 536 161 161 30 12 346 40 201 35 0 479 1 401 3 476 35 0 531 1 159 123 40 15 119 0 517 1 130 173 129 2 181 18 0 56 8 510 173 9 425 31 29 2 79 31 29 2 87 31 29 2 170 217 31 29 2 89 31 29 2 356 31 29 2 0 465 3 295 1 16 383 126 147 8 470 13 460 71 3 7 5 221 20 85 21 522 10 0 112 1 131 17 165 2 40 32 60 290 3 81 135 494 6 276 0 256 1 32 3 499 17 82 15 4 24 47 9 4 24 247 440 10 0 67 24 17 15 4 24 8 22 23 13 26 7 105 84 3 151 102 0 176 152 1 93 237 6 326 492 507 2 5 167 273 8 41 49 34 236 270 17 15 4 24 8 22 23 62 0 424 323 1 89 0 169 1 137 168 3 0 169 1 137 463 396 7 5 33 2 459 72 43 69 0 488 1 88 17 15 4 24 8 22 23 135 0 109 1 79 4 109 110 18 0 141 1 92 110 18 0 141 1 392 7 5 503 76 68 386 1 12 3 36 17 15 4 24 8 60 288 96 55 7 22 23 151 10 4 26 114 111 7 21 5 341 35 0 127 1 39 462 45 35 0 128 1 39 222 17 15 4 24 32 17 15 4 24 8 22 23 72 10 87 18 93 518 421 18 93 299 313 91 350 264 18 0 115 1 335 3 385 22 23 433 51 10 87 96 70 121 3 70 139 7 5 33 2 94 140 18 96 52 121 3 52 139 11 458 3 122 17 15 4 24 32 17 15 4 24 8 22 23 28 112 63 5 274 3 28 142 3 80 63 5 97 357 0 441 158 7 5 97 404 3 0 239 158 7 5 97 480 3 0 298 1 0 355 63 5 430 3 41 285 63 449 47 43 184 13 9 16 74 3 13 9 0 56 8 17 31 29 2 0 170 18 18 13 56 6 7 5 33 2 320 102 1 0 80 1 131 4 171 1 74 18 13 56 6 7 5 33 2 502 0 338 259 1 16 26 76 4 203 487 1 88 18 13 56 6 7 5 33 2 181 43 2 408 43 2 172 43 2 31 2 146 43 2 108 84 30 12 43 147 8 6 7 5 57 22 23 3 13 7 5 0 23 13 7 5 0 23 44 41 1 73 42 55 7 5 33 2 106 18 61 152 60 235 498 1 174 485 77 1 148 1 174 17 106 77 114 60 279 255 77 1 0 402 42 410 14 28 154 20 12 25 3 144 53 9 2 5 4 58 26 13 37 204 176 3 81 20 12 25 14 0 413 324 1 61 308 20 12 25 14 0 153 376 1 61 183 20 12 25 14 0 316 187 1 400 20 12 25 14 0 467 215 438 1 227 20 12 25 14 0 241 464 1 213 45 21 156 8 20 12 25 14 171 80 1 89 20 12 25 14 354 80 1 490 20 12 25 14 28 142 3 372 1 79 14 28 154 20 12 25 3 44 13 309 3 44 6 117 12 25 44 6 20 47 25 14 28 520 3 28 307 14 28 109 3 28 225 6 7 5 33 2 473 84 8 23 44 41 1 73 42 55 70 49 3 52 49 339 3 293 418 3 218 7 5 33 2 94 140 3 106 10 0 115 1 0 390 19 474 57 69 95 57 69 95 491 73 188 6 34 57 69 95 

