$ ./hw5.exe GCAAA GGGCA 
1) S1 S2 LCS = GCAAA GGGCA GCA
2) S1(shift=0) S2 LCS = GCAAA GGGCA GCA
0.00001 seconds
408 bytes ( 16.320 x 25 )

$ ./hw5.exe CCAAC CCGTGTAT 
1) S1 S2 LCS = CCAAC CCGTGTAT CCA
2) S1(shift=0) S2 LCS = CCAAC CCGTGTAT CCA
0.00000 seconds
555 bytes ( 13.875 x 40 )

$ ./hw5.exe CCGTTTCCA TGCCCATCT 
1) S1 S2 LCS = CCGTTTCCA TGCCCATCT CCTT
2) S1(shift=4) S2 LCS = TCCACCGTT TGCCCATCT TCCACT
0.00001 seconds
1000 bytes ( 12.346 x 81 )

$ ./hw5.exe GCTTC CGCTCTA 
1) S1 S2 LCS = GCTTC CGCTCTA GCTT
2) S1(shift=1) S2 LCS = CGCTT CGCTCTA CGCTT
0.00001 seconds
506 bytes ( 14.457 x 35 )

$ ./hw5.exe AACTT CTGAGTA 
1) S1 S2 LCS = AACTT CTGAGTA CTT
2) S1(shift=3) S2 LCS = CTTAA CTGAGTA CTTA
0.00001 seconds
506 bytes ( 14.457 x 35 )

$ ./hw5.exe CTGCACTCA TTAATGT 
1) S1 S2 LCS = CTGCACTCA TTAATGT TGT
2) S1(shift=1) S2 LCS = ACTGCACTC TTAATGT ATGT
0.00001 seconds
836 bytes ( 13.270 x 63 )

$ ./hw5.exe GCCAGGAT GCGTGAG 
1) S1 S2 LCS = GCCAGGAT GCGTGAG GCGGA
2) S1(shift=0) S2 LCS = GCCAGGAT GCGTGAG GCGGA
0.00001 seconds
754 bytes ( 13.464 x 56 )

$ ./hw5.exe AGTTCGCAA AGCGGATAG 
1) S1 S2 LCS = AGTTCGCAA AGCGGATAG AGCGAA
2) S1(shift=0) S2 LCS = AGTTCGCAA AGCGGATAG AGCGAA
0.00001 seconds
1000 bytes ( 12.346 x 81 )

